<?xml version="1.0" ?>
<!DOCTYPE coverage SYSTEM "http://cobertura.sourceforge.net/xml/coverage-04.dtd">
<coverage lines-valid="109" lines-covered="107" line-rate="0.9817" branches-valid="61" branches-covered="59" branch-rate="0.9672" timestamp="1785722773672" complexity="0" version="0.1">
  <sources>
    <source>/workspace</source>
  </sources>
  <packages>
    <package name="workspace" line-rate="0.9091" branch-rate="0.75">
      <classes>
        <class name="server.js" filename="server.js" line-rate="0.9091" branch-rate="0.75">
          <methods>
          </methods>
          <lines>
            <line number="1" hits="1" branch="false"/>
            <line number="2" hits="1" branch="false"/>
            <line number="3" hits="1" branch="true" condition-coverage="100% (2/2)"/>
            <line number="5" hits="1" branch="false"/>
            <line number="6" hits="1" branch="false"/>
            <line number="8" hits="1" branch="false"/>
            <line number="9" hits="1" branch="false"/>
            <line number="11" hits="1" branch="true" condition-coverage="50% (1/2)"/>
            <line number="12" hits="0" branch="false"/>
            <line number="15" hits="1" branch="false"/>
            <line number="17" hits="1" branch="false"/>
          </lines>
        </class>
      </classes>
    </package>
    <package name="workspace.api" line-rate="1" branch-rate="1">
      <classes>
        <class name="config.js" filename="api/config.js" line-rate="1" branch-rate="1">
          <methods>
          </methods>
          <lines>
            <line number="3" hits="1" branch="false"/>
          </lines>
        </class>
        <class name="routes.js" filename="api/routes.js" line-rate="1" branch-rate="1">
          <methods>
            <method name="(anonymous_0)" hits="1" signature="()V">
              <lines>
                <line number="1" hits="1"/>
              </lines>
            </method>
          </methods>
          <lines>
            <line number="1" hits="1" branch="false"/>
            <line number="2" hits="1" branch="false"/>
            <line number="3" hits="1" branch="false"/>
            <line number="4" hits="1" branch="false"/>
            <line number="5" hits="1" branch="false"/>
            <line number="7" hits="1" branch="false"/>
            <line number="9" hits="1" branch="false"/>
            <line number="10" hits="1" branch="false"/>
            <line number="12" hits="1" branch="false"/>
          </lines>
        </class>
      </classes>
    </package>
    <package name="workspace.api.controllers" line-rate="0.9804" branch-rate="0.9773000000000001">
      <classes>
        <class name="arithmeticController.js" filename="api/controllers/arithmeticController.js" line-rate="0.9565" branch-rate="0.9375">
          <methods>
            <method name="(anonymous_0)" hits="30" signature="()V">
              <lines>
                <line number="3" hits="30"/>
              </lines>
            </method>
            <method name="(anonymous_1)" hits="6" signature="()V">
              <lines>
                <line number="4" hits="6"/>
              </lines>
            </method>
            <method name="(anonymous_2)" hits="7" signature="()V">
              <lines>
                <line number="14" hits="7"/>
              </lines>
            </method>
            <method name="(anonymous_3)" hits="4" signature="()V">
              <lines>
                <line number="15" hits="4"/>
              </lines>
            </method>
            <method name="(anonymous_4)" hits="6" signature="()V">
              <lines>
                <line number="16" hits="6"/>
              </lines>
            </method>
            <method name="(anonymous_5)" hits="7" signature="()V">
              <lines>
                <line number="17" hits="7"/>
              </lines>
            </method>
          </methods>
          <lines>
            <line number="3" hits="1" branch="false"/>
            <line number="4" hits="30" branch="false"/>
            <line number="5" hits="6" branch="true" condition-coverage="50% (1/2)"/>
            <line number="6" hits="0" branch="false"/>
            <line number="9" hits="6" branch="false"/>
            <line number="10" hits="6" branch="false"/>
            <line number="13" hits="30" branch="false"/>
            <line number="14" hits="7" branch="false"/>
            <line number="15" hits="4" branch="false"/>
            <line number="16" hits="6" branch="false"/>
            <line number="17" hits="7" branch="false"/>
            <line number="22" hits="30" branch="true" condition-coverage="100% (2/2)"/>
            <line number="23" hits="1" branch="false"/>
            <line number="26" hits="29" branch="false"/>
            <line number="28" hits="29" branch="true" condition-coverage="100% (2/2)"/>
            <line number="29" hits="1" branch="false"/>
            <line number="34" hits="28" branch="true" condition-coverage="100% (5/5)"/>
            <line number="37" hits="3" branch="false"/>
            <line number="40" hits="25" branch="true" condition-coverage="100% (5/5)"/>
            <line number="43" hits="1" branch="false"/>
            <line number="46" hits="24" branch="false"/>
            <line number="47" hits="24" branch="false"/>
            <line number="49" hits="24" branch="false"/>
          </lines>
        </class>
        <class name="authController.js" filename="api/controllers/authController.js" line-rate="1" branch-rate="1">
          <methods>
            <method name="issueToken" hits="12" signature="()V">
              <lines>
                <line number="7" hits="12"/>
              </lines>
            </method>
            <method name="(anonymous_1)" hits="14" signature="()V">
              <lines>
                <line number="15" hits="14"/>
              </lines>
            </method>
            <method name="(anonymous_2)" hits="4" signature="()V">
              <lines>
                <line number="40" hits="4"/>
              </lines>
            </method>
          </methods>
          <lines>
            <line number="3" hits="1" branch="false"/>
            <line number="4" hits="1" branch="false"/>
            <line number="5" hits="1" branch="false"/>
            <line number="8" hits="12" branch="false"/>
            <line number="15" hits="1" branch="false"/>
            <line number="16" hits="14" branch="true" condition-coverage="100% (2/2)"/>
            <line number="17" hits="14" branch="true" condition-coverage="100% (2/2)"/>
            <line number="19" hits="14" branch="true" condition-coverage="100% (5/5)"/>
            <line number="20" hits="1" branch="false"/>
            <line number="22" hits="13" branch="true" condition-coverage="100% (5/5)"/>
            <line number="23" hits="1" branch="false"/>
            <line number="26" hits="12" branch="false"/>
            <line number="28" hits="12" branch="true" condition-coverage="100% (2/2)"/>
            <line number="29" hits="1" branch="false"/>
            <line number="32" hits="11" branch="false"/>
            <line number="34" hits="11" branch="false"/>
            <line number="40" hits="1" branch="false"/>
            <line number="41" hits="4" branch="true" condition-coverage="100% (2/2)"/>
            <line number="42" hits="4" branch="true" condition-coverage="100% (2/2)"/>
            <line number="44" hits="4" branch="true" condition-coverage="100% (4/4)"/>
            <line number="45" hits="1" branch="false"/>
            <line number="48" hits="3" branch="false"/>
            <line number="52" hits="3" branch="true" condition-coverage="100% (4/4)"/>
            <line number="53" hits="2" branch="false"/>
            <line number="56" hits="1" branch="false"/>
          </lines>
        </class>
        <class name="userController.js" filename="api/controllers/userController.js" line-rate="1" branch-rate="1">
          <methods>
            <method name="(anonymous_0)" hits="1" signature="()V">
              <lines>
                <line number="5" hits="1"/>
              </lines>
            </method>
          </methods>
          <lines>
            <line number="3" hits="1" branch="false"/>
            <line number="5" hits="1" branch="false"/>
            <line number="6" hits="1" branch="false"/>
          </lines>
        </class>
      </classes>
    </package>
    <package name="workspace.api.middleware" line-rate="1" branch-rate="1">
      <classes>
        <class name="auth.js" filename="api/middleware/auth.js" line-rate="1" branch-rate="1">
          <methods>
            <method name="(anonymous_0)" hits="5" signature="()V">
              <lines>
                <line number="9" hits="5"/>
              </lines>
            </method>
          </methods>
          <lines>
            <line number="3" hits="1" branch="false"/>
            <line number="4" hits="1" branch="false"/>
            <line number="5" hits="1" branch="false"/>
            <line number="9" hits="1" branch="false"/>
            <line number="10" hits="5" branch="true" condition-coverage="100% (2/2)"/>
            <line number="11" hits="5" branch="false"/>
            <line number="13" hits="5" branch="true" condition-coverage="100% (5/5)"/>
            <line number="14" hits="2" branch="false"/>
            <line number="18" hits="3" branch="false"/>
            <line number="19" hits="3" branch="false"/>
            <line number="21" hits="1" branch="false"/>
            <line number="24" hits="2" branch="false"/>
            <line number="25" hits="2" branch="true" condition-coverage="100% (2/2)"/>
            <line number="26" hits="1" branch="false"/>
            <line number="29" hits="1" branch="false"/>
            <line number="30" hits="1" branch="false"/>
          </lines>
        </class>
      </classes>
    </package>
    <package name="workspace.api.models" line-rate="1" branch-rate="1">
      <classes>
        <class name="userModel.js" filename="api/models/userModel.js" line-rate="1" branch-rate="1">
          <methods>
            <method name="(anonymous_0)" hits="11" signature="()V">
              <lines>
                <line number="11" hits="11"/>
              </lines>
            </method>
            <method name="(anonymous_1)" hits="15" signature="()V">
              <lines>
                <line number="22" hits="15"/>
              </lines>
            </method>
            <method name="(anonymous_2)" hits="4" signature="()V">
              <lines>
                <line number="23" hits="4"/>
              </lines>
            </method>
            <method name="(anonymous_3)" hits="2" signature="()V">
              <lines>
                <line number="28" hits="2"/>
              </lines>
            </method>
            <method name="(anonymous_4)" hits="1" signature="()V">
              <lines>
                <line number="29" hits="1"/>
              </lines>
            </method>
            <method name="(anonymous_5)" hits="2" signature="()V">
              <lines>
                <line number="34" hits="2"/>
              </lines>
            </method>
            <method name="(anonymous_6)" hits="13" signature="()V">
              <lines>
                <line number="39" hits="13"/>
              </lines>
            </method>
            <method name="(anonymous_7)" hits="14" signature="()V">
              <lines>
                <line number="47" hits="14"/>
              </lines>
            </method>
          </methods>
          <lines>
            <line number="3" hits="1" branch="false"/>
            <line number="4" hits="1" branch="false"/>
            <line number="8" hits="1" branch="false"/>
            <line number="9" hits="1" branch="false"/>
            <line number="11" hits="1" branch="false"/>
            <line number="12" hits="11" branch="false"/>
            <line number="18" hits="11" branch="false"/>
            <line number="19" hits="11" branch="false"/>
            <line number="22" hits="1" branch="false"/>
            <line number="23" hits="15" branch="false"/>
            <line number="24" hits="4" branch="false"/>
            <line number="28" hits="1" branch="false"/>
            <line number="29" hits="2" branch="false"/>
            <line number="30" hits="1" branch="false"/>
            <line number="34" hits="1" branch="false"/>
            <line number="35" hits="2" branch="false"/>
            <line number="39" hits="1" branch="false"/>
            <line number="40" hits="13" branch="false"/>
            <line number="47" hits="1" branch="false"/>
            <line number="48" hits="14" branch="false"/>
            <line number="49" hits="14" branch="false"/>
          </lines>
        </class>
      </classes>
    </package>
  </packages>
</coverage>
